<?xml version="1.0" ?>
<!DOCTYPE coverage SYSTEM "http://cobertura.sourceforge.net/xml/coverage-04.dtd">
<coverage lines-valid="7" lines-covered="5" line-rate="0.7143" branches-valid="6" branches-covered="3" branch-rate="0.5" timestamp="1640143428617" complexity="0" version="0.1">
  <sources>
    <source>C:\Users\Tuan Linh\IdeaProjects\jest_test</source>
  </sources>
  <packages>
    <class name="sum.ts" filename="src\sum.ts" line-rate="0.7143" branch-rate="0.5">
      <methods>
        <method name="sum" hits="1" signature="()V">
          <lines>
            <line number="1" hits="1"/>
          </lines>
        </method>
      </methods>
      <lines>
        <line number="1" hits="1" branch="false"/>
        <line number="3" hits="1" branch="true" condition-coverage="50% (1/2)"/>
        <line number="5" hits="0" branch="false"/>
        <line number="7" hits="1" branch="true" condition-coverage="50% (1/2)"/>
        <line number="9" hits="0" branch="false"/>
        <line number="11" hits="1" branch="true" condition-coverage="50% (1/2)"/>
        <line number="13" hits="1" branch="false"/>
      </lines>
    </class>
  </packages>
</coverage>
